{"contracts/PointsSystem.sol":{"l":{"39":3,"40":2,"44":9,"45":9,"51":10,"52":10,"58":2,"59":2,"64":11,"68":10,"75":10,"79":4,"80":4,"84":2,"86":1,"87":1,"91":3,"92":2,"94":1,"95":1,"97":1,"101":2,"103":2,"104":1,"106":1,"109":2,"111":2,"113":2},"path":"/Users/macbook/Documents/GitHub/Solidity-Points-System/contracts/PointsSystem.sol","s":{"1":3,"2":9,"3":2,"4":11,"5":10,"6":4,"7":2,"8":1,"9":3,"10":2,"11":1,"12":2,"13":2,"14":1,"15":2,"16":2},"b":{"1":[2,1],"2":[9,0],"3":[2,0],"4":[10,1],"5":[4,0],"6":[2,1],"7":[1,1],"8":[3,0],"9":[2,1],"10":[1,1],"11":[2,0],"12":[1,1],"13":[1,0],"14":[2,0]},"f":{"1":3,"2":9,"3":10,"4":2,"5":11,"6":4,"7":2,"8":3,"9":2},"fnMap":{"1":{"name":"onlyAdmin","line":38,"loc":{"start":{"line":38,"column":4},"end":{"line":41,"column":4}}},"2":{"name":"onlyMember","line":43,"loc":{"start":{"line":43,"column":4},"end":{"line":46,"column":4}}},"3":{"name":"constructor","line":50,"loc":{"start":{"line":50,"column":3},"end":{"line":53,"column":4}}},"4":{"name":"assignAdmin","line":57,"loc":{"start":{"line":57,"column":4},"end":{"line":60,"column":4}}},"5":{"name":"registerMember","line":63,"loc":{"start":{"line":63,"column":4},"end":{"line":76,"column":4}}},"6":{"name":"earnPoints","line":78,"loc":{"start":{"line":78,"column":5},"end":{"line":81,"column":4}}},"7":{"name":"assignPoints","line":83,"loc":{"start":{"line":83,"column":4},"end":{"line":88,"column":4}}},"8":{"name":"transferPoints","line":90,"loc":{"start":{"line":90,"column":4},"end":{"line":98,"column":4}}},"9":{"name":"redeemReward","line":100,"loc":{"start":{"line":100,"column":4},"end":{"line":114,"column":4}}}},"statementMap":{"1":{"start":{"line":39,"column":8},"end":{"line":39,"column":72}},"2":{"start":{"line":44,"column":8},"end":{"line":44,"column":83}},"3":{"start":{"line":58,"column":8},"end":{"line":58,"column":67}},"4":{"start":{"line":64,"column":8},"end":{"line":64,"column":81}},"5":{"start":{"line":75,"column":8},"end":{"line":75,"column":53}},"6":{"start":{"line":80,"column":8},"end":{"line":80,"column":45}},"7":{"start":{"line":84,"column":8},"end":{"line":84,"column":76}},"8":{"start":{"line":87,"column":8},"end":{"line":87,"column":62}},"9":{"start":{"line":91,"column":8},"end":{"line":91,"column":76}},"10":{"start":{"line":92,"column":8},"end":{"line":92,"column":84}},"11":{"start":{"line":97,"column":8},"end":{"line":97,"column":54}},"12":{"start":{"line":101,"column":8},"end":{"line":101,"column":20}},"13":{"start":{"line":103,"column":8},"end":{"line":103,"column":3550}},"14":{"start":{"line":105,"column":15},"end":{"line":105,"column":3625}},"15":{"start":{"line":109,"column":8},"end":{"line":109,"column":82}},"16":{"start":{"line":113,"column":8},"end":{"line":113,"column":52}}},"branchMap":{"1":{"line":39,"type":"if","locations":[{"start":{"line":39,"column":8},"end":{"line":39,"column":8}},{"start":{"line":39,"column":8},"end":{"line":39,"column":8}}]},"2":{"line":44,"type":"if","locations":[{"start":{"line":44,"column":8},"end":{"line":44,"column":8}},{"start":{"line":44,"column":8},"end":{"line":44,"column":8}}]},"3":{"line":58,"type":"if","locations":[{"start":{"line":58,"column":8},"end":{"line":58,"column":8}},{"start":{"line":58,"column":8},"end":{"line":58,"column":8}}]},"4":{"line":64,"type":"if","locations":[{"start":{"line":64,"column":8},"end":{"line":64,"column":8}},{"start":{"line":64,"column":8},"end":{"line":64,"column":8}}]},"5":{"line":78,"type":"if","locations":[{"start":{"line":78,"column":48},"end":{"line":78,"column":48}},{"start":{"line":78,"column":48},"end":{"line":78,"column":48}}]},"6":{"line":83,"type":"if","locations":[{"start":{"line":83,"column":72},"end":{"line":83,"column":72}},{"start":{"line":83,"column":72},"end":{"line":83,"column":72}}]},"7":{"line":84,"type":"if","locations":[{"start":{"line":84,"column":8},"end":{"line":84,"column":8}},{"start":{"line":84,"column":8},"end":{"line":84,"column":8}}]},"8":{"line":90,"type":"if","locations":[{"start":{"line":90,"column":63},"end":{"line":90,"column":63}},{"start":{"line":90,"column":63},"end":{"line":90,"column":63}}]},"9":{"line":91,"type":"if","locations":[{"start":{"line":91,"column":8},"end":{"line":91,"column":8}},{"start":{"line":91,"column":8},"end":{"line":91,"column":8}}]},"10":{"line":92,"type":"if","locations":[{"start":{"line":92,"column":8},"end":{"line":92,"column":8}},{"start":{"line":92,"column":8},"end":{"line":92,"column":8}}]},"11":{"line":100,"type":"if","locations":[{"start":{"line":100,"column":52},"end":{"line":100,"column":52}},{"start":{"line":100,"column":52},"end":{"line":100,"column":52}}]},"12":{"line":103,"type":"if","locations":[{"start":{"line":103,"column":8},"end":{"line":103,"column":8}},{"start":{"line":103,"column":8},"end":{"line":103,"column":8}}]},"13":{"line":105,"type":"if","locations":[{"start":{"line":105,"column":15},"end":{"line":105,"column":15}},{"start":{"line":105,"column":15},"end":{"line":105,"column":15}}]},"14":{"line":109,"type":"if","locations":[{"start":{"line":109,"column":8},"end":{"line":109,"column":8}},{"start":{"line":109,"column":8},"end":{"line":109,"column":8}}]}}}}